2024-03-04 12:13:09.125  INFO 24900 --- [main] c.t.project.SpringBoot1Application       : Starting SpringBoot1Application using Java 17.0.10 on DDC2-L-115BC5S with PID 24900 (C:\Users\pulkit.g.sharma\Desktop\Java_Training\Employee_Service\Employee_Database_Service\target\classes started by pulkit.g.sharma in C:\Users\pulkit.g.sharma\Desktop\Java_Training\Employee_Service\Employee_Database_Service)
2024-03-04 12:13:09.142  INFO 24900 --- [main] c.t.project.SpringBoot1Application       : No active profile set, falling back to 1 default profile: "default"
2024-03-04 12:13:09.905  INFO 24900 --- [main] .s.d.r.c.RepositoryConfigurationDelegate : Bootstrapping Spring Data JPA repositories in DEFAULT mode.
2024-03-04 12:13:09.965  INFO 24900 --- [main] .s.d.r.c.RepositoryConfigurationDelegate : Finished Spring Data repository scanning in 49 ms. Found 1 JPA repository interfaces.
2024-03-04 12:13:10.819  INFO 24900 --- [main] o.s.b.w.embedded.tomcat.TomcatWebServer  : Tomcat initialized with port(s): 8083 (http)
2024-03-04 12:13:10.833  INFO 24900 --- [main] o.apache.catalina.core.StandardService   : Starting service [Tomcat]
2024-03-04 12:13:10.834  INFO 24900 --- [main] org.apache.catalina.core.StandardEngine  : Starting Servlet engine: [Apache Tomcat/9.0.70]
2024-03-04 12:13:10.970  INFO 24900 --- [main] o.a.c.c.C.[Tomcat].[localhost].[/]       : Initializing Spring embedded WebApplicationContext
2024-03-04 12:13:10.971  INFO 24900 --- [main] w.s.c.ServletWebServerApplicationContext : Root WebApplicationContext: initialization completed in 1774 ms
2024-03-04 12:13:11.114  INFO 24900 --- [main] o.hibernate.jpa.internal.util.LogHelper  : HHH000204: Processing PersistenceUnitInfo [name: default]
2024-03-04 12:13:11.187  INFO 24900 --- [main] org.hibernate.Version                    : HHH000412: Hibernate ORM core version 5.6.14.Final
2024-03-04 12:13:11.374  INFO 24900 --- [main] o.hibernate.annotations.common.Version   : HCANN000001: Hibernate Commons Annotations {5.1.2.Final}
2024-03-04 12:13:11.486  INFO 24900 --- [main] com.zaxxer.hikari.HikariDataSource       : HikariPool-1 - Starting...
2024-03-04 12:13:11.492  WARN 24900 --- [main] com.zaxxer.hikari.util.DriverDataSource  : Registered driver with driverClassName=com.mysql.jdbc.Driver was not found, trying direct instantiation.
2024-03-04 12:13:11.669  INFO 24900 --- [main] com.zaxxer.hikari.HikariDataSource       : HikariPool-1 - Start completed.
2024-03-04 12:13:11.738  INFO 24900 --- [main] org.hibernate.dialect.Dialect            : HHH000400: Using dialect: org.hibernate.dialect.MySQL5Dialect
2024-03-04 12:13:13.534  INFO 24900 --- [main] o.h.e.t.j.p.i.JtaPlatformInitiator       : HHH000490: Using JtaPlatform implementation: [org.hibernate.engine.transaction.jta.platform.internal.NoJtaPlatform]
2024-03-04 12:13:13.547  INFO 24900 --- [main] j.LocalContainerEntityManagerFactoryBean : Initialized JPA EntityManagerFactory for persistence unit 'default'
2024-03-04 12:13:14.027  WARN 24900 --- [main] JpaBaseConfiguration$JpaWebConfiguration : spring.jpa.open-in-view is enabled by default. Therefore, database queries may be performed during view rendering. Explicitly configure spring.jpa.open-in-view to disable this warning
2024-03-04 12:13:14.158  INFO 24900 --- [main] pertySourcedRequestMappingHandlerMapping : Mapped URL path [/v2/api-docs] onto method [springfox.documentation.swagger2.web.Swagger2Controller#getDocumentation(String, HttpServletRequest)]
2024-03-04 12:13:14.446  INFO 24900 --- [main] o.s.b.w.embedded.tomcat.TomcatWebServer  : Tomcat started on port(s): 8083 (http) with context path ''
2024-03-04 12:13:14.447  INFO 24900 --- [main] d.s.w.p.DocumentationPluginsBootstrapper : Context refreshed
2024-03-04 12:13:14.471  INFO 24900 --- [main] d.s.w.p.DocumentationPluginsBootstrapper : Found 1 custom documentation plugin(s)
2024-03-04 12:13:14.495  INFO 24900 --- [main] s.d.s.w.s.ApiListingReferenceScanner     : Scanning for api listing references
2024-03-04 12:13:14.608  INFO 24900 --- [main] c.t.project.SpringBoot1Application       : Started SpringBoot1Application in 5.915 seconds (JVM running for 6.568)
2024-03-04 12:13:22.054  INFO 24900 --- [RMI TCP Connection(2)-127.0.0.1] inMXBeanRegistrar$SpringApplicationAdmin : Application shutdown requested.
2024-03-04 12:13:22.070  INFO 24900 --- [RMI TCP Connection(2)-127.0.0.1] o.apache.catalina.core.StandardService   : Stopping service [Tomcat]
2024-03-04 12:13:22.084  INFO 24900 --- [RMI TCP Connection(2)-127.0.0.1] j.LocalContainerEntityManagerFactoryBean : Closing JPA EntityManagerFactory for persistence unit 'default'
2024-03-04 12:13:22.086  INFO 24900 --- [RMI TCP Connection(2)-127.0.0.1] com.zaxxer.hikari.HikariDataSource       : HikariPool-1 - Shutdown initiated...
2024-03-04 12:13:22.102  INFO 24900 --- [RMI TCP Connection(2)-127.0.0.1] com.zaxxer.hikari.HikariDataSource       : HikariPool-1 - Shutdown completed.
2024-03-04 12:23:04.897  INFO 1816 --- [main] c.t.p.test.SpringBoot1ApplicationTests   : Starting SpringBoot1ApplicationTests using Java 17.0.10 on DDC2-L-115BC5S with PID 1816 (started by pulkit.g.sharma in C:\Users\pulkit.g.sharma\Desktop\Java_Training\Employee_Service\Employee_Database_Service)
2024-03-04 12:23:04.900  INFO 1816 --- [main] c.t.p.test.SpringBoot1ApplicationTests   : No active profile set, falling back to 1 default profile: "default"
2024-03-04 12:23:06.001  INFO 1816 --- [main] .s.d.r.c.RepositoryConfigurationDelegate : Bootstrapping Spring Data JPA repositories in DEFAULT mode.
2024-03-04 12:23:06.066  INFO 1816 --- [main] .s.d.r.c.RepositoryConfigurationDelegate : Finished Spring Data repository scanning in 49 ms. Found 1 JPA repository interfaces.
2024-03-04 12:23:06.783  INFO 1816 --- [main] o.hibernate.jpa.internal.util.LogHelper  : HHH000204: Processing PersistenceUnitInfo [name: default]
2024-03-04 12:23:06.905  INFO 1816 --- [main] org.hibernate.Version                    : HHH000412: Hibernate ORM core version 5.6.14.Final
2024-03-04 12:23:07.158  INFO 1816 --- [main] o.hibernate.annotations.common.Version   : HCANN000001: Hibernate Commons Annotations {5.1.2.Final}
2024-03-04 12:23:07.466  INFO 1816 --- [main] com.zaxxer.hikari.HikariDataSource       : HikariPool-1 - Starting...
2024-03-04 12:23:07.473  WARN 1816 --- [main] com.zaxxer.hikari.util.DriverDataSource  : Registered driver with driverClassName=com.mysql.jdbc.Driver was not found, trying direct instantiation.
2024-03-04 12:23:07.693  INFO 1816 --- [main] com.zaxxer.hikari.HikariDataSource       : HikariPool-1 - Start completed.
2024-03-04 12:23:07.715  INFO 1816 --- [main] org.hibernate.dialect.Dialect            : HHH000400: Using dialect: org.hibernate.dialect.MySQL5Dialect
2024-03-04 12:23:09.082  INFO 1816 --- [main] o.h.e.t.j.p.i.JtaPlatformInitiator       : HHH000490: Using JtaPlatform implementation: [org.hibernate.engine.transaction.jta.platform.internal.NoJtaPlatform]
2024-03-04 12:23:09.093  INFO 1816 --- [main] j.LocalContainerEntityManagerFactoryBean : Initialized JPA EntityManagerFactory for persistence unit 'default'
2024-03-04 12:23:10.043  WARN 1816 --- [main] JpaBaseConfiguration$JpaWebConfiguration : spring.jpa.open-in-view is enabled by default. Therefore, database queries may be performed during view rendering. Explicitly configure spring.jpa.open-in-view to disable this warning
2024-03-04 12:23:10.342  INFO 1816 --- [main] pertySourcedRequestMappingHandlerMapping : Mapped URL path [/v2/api-docs] onto method [springfox.documentation.swagger2.web.Swagger2Controller#getDocumentation(String, HttpServletRequest)]
2024-03-04 12:23:10.958  INFO 1816 --- [main] d.s.w.p.DocumentationPluginsBootstrapper : Context refreshed
2024-03-04 12:23:10.988  INFO 1816 --- [main] d.s.w.p.DocumentationPluginsBootstrapper : Found 1 custom documentation plugin(s)
2024-03-04 12:23:11.012  INFO 1816 --- [main] s.d.s.w.s.ApiListingReferenceScanner     : Scanning for api listing references
2024-03-04 12:23:11.141  INFO 1816 --- [main] c.t.p.test.SpringBoot1ApplicationTests   : Started SpringBoot1ApplicationTests in 6.705 seconds (JVM running for 8.168)
2024-03-04 12:23:11.180  INFO 1816 --- [main] o.s.t.c.transaction.TransactionContext   : Began transaction (1) for test context [DefaultTestContext@471a9022 testClass = SpringBoot1ApplicationTests, testInstance = com.training.project.test.SpringBoot1ApplicationTests@12e13abd, testMethod = getAllEmployeesTest@SpringBoot1ApplicationTests, testException = [null], mergedContextConfiguration = [WebMergedContextConfiguration@dc9876b testClass = SpringBoot1ApplicationTests, locations = '{}', classes = '{class com.training.project.SpringBoot1Application}', contextInitializerClasses = '[]', activeProfiles = '{}', propertySourceLocations = '{}', propertySourceProperties = '{org.springframework.boot.test.context.SpringBootTestContextBootstrapper=true}', contextCustomizers = set[org.springframework.boot.test.context.filter.ExcludeFilterContextCustomizer@9f116cc, org.springframework.boot.test.json.DuplicateJsonObjectContextCustomizerFactory$DuplicateJsonObjectContextCustomizer@7ec7ffd3, org.springframework.boot.test.mock.mockito.MockitoContextCustomizer@0, org.springframework.boot.test.web.client.TestRestTemplateContextCustomizer@49ec71f8, org.springframework.boot.test.autoconfigure.actuate.metrics.MetricsExportContextCustomizerFactory$DisableMetricExportContextCustomizer@77847718, org.springframework.boot.test.autoconfigure.properties.PropertyMappingContextCustomizer@0, org.springframework.boot.test.autoconfigure.web.servlet.WebDriverContextCustomizerFactory$Customizer@3c19aaa5, org.springframework.test.context.web.socket.MockServerContainerContextCustomizer@38d8f54a, org.springframework.boot.test.context.SpringBootTestArgs@1, org.springframework.boot.test.context.SpringBootTestWebEnvironment@12b0404f], resourceBasePath = 'src/main/webapp', contextLoader = 'org.springframework.boot.test.context.SpringBootContextLoader', parent = [null]], attributes = map['org.springframework.test.context.web.ServletTestExecutionListener.activateListener' -> true, 'org.springframework.test.context.web.ServletTestExecutionListener.populatedRequestContextHolder' -> true, 'org.springframework.test.context.web.ServletTestExecutionListener.resetRequestContextHolder' -> true, 'org.springframework.test.context.event.ApplicationEventsTestExecutionListener.recordApplicationEvents' -> false]]; transaction manager [org.springframework.orm.jpa.JpaTransactionManager@5aefdb9e]; rollback [true]
2024-03-04 12:23:11.378  INFO 1816 --- [main] o.s.b.t.m.w.SpringBootMockServletContext : Initializing Spring TestDispatcherServlet ''
2024-03-04 12:23:11.378  INFO 1816 --- [main] o.s.t.web.servlet.TestDispatcherServlet  : Initializing Servlet ''
2024-03-04 12:23:11.380  INFO 1816 --- [main] o.s.t.web.servlet.TestDispatcherServlet  : Completed initialization in 0 ms
2024-03-04 12:23:11.425  INFO 1816 --- [main] o.s.t.c.transaction.TransactionContext   : Rolled back transaction for test: [DefaultTestContext@471a9022 testClass = SpringBoot1ApplicationTests, testInstance = com.training.project.test.SpringBoot1ApplicationTests@12e13abd, testMethod = getAllEmployeesTest@SpringBoot1ApplicationTests, testException = com.fasterxml.jackson.databind.exc.MismatchedInputException: No content to map due to end-of-input
 at [Source: (String)""; line: 1, column: 0], mergedContextConfiguration = [WebMergedContextConfiguration@dc9876b testClass = SpringBoot1ApplicationTests, locations = '{}', classes = '{class com.training.project.SpringBoot1Application}', contextInitializerClasses = '[]', activeProfiles = '{}', propertySourceLocations = '{}', propertySourceProperties = '{org.springframework.boot.test.context.SpringBootTestContextBootstrapper=true}', contextCustomizers = set[org.springframework.boot.test.context.filter.ExcludeFilterContextCustomizer@9f116cc, org.springframework.boot.test.json.DuplicateJsonObjectContextCustomizerFactory$DuplicateJsonObjectContextCustomizer@7ec7ffd3, org.springframework.boot.test.mock.mockito.MockitoContextCustomizer@0, org.springframework.boot.test.web.client.TestRestTemplateContextCustomizer@49ec71f8, org.springframework.boot.test.autoconfigure.actuate.metrics.MetricsExportContextCustomizerFactory$DisableMetricExportContextCustomizer@77847718, org.springframework.boot.test.autoconfigure.properties.PropertyMappingContextCustomizer@0, org.springframework.boot.test.autoconfigure.web.servlet.WebDriverContextCustomizerFactory$Customizer@3c19aaa5, org.springframework.test.context.web.socket.MockServerContainerContextCustomizer@38d8f54a, org.springframework.boot.test.context.SpringBootTestArgs@1, org.springframework.boot.test.context.SpringBootTestWebEnvironment@12b0404f], resourceBasePath = 'src/main/webapp', contextLoader = 'org.springframework.boot.test.context.SpringBootContextLoader', parent = [null]], attributes = map['org.springframework.test.context.web.ServletTestExecutionListener.activateListener' -> true, 'org.springframework.test.context.web.ServletTestExecutionListener.populatedRequestContextHolder' -> true, 'org.springframework.test.context.web.ServletTestExecutionListener.resetRequestContextHolder' -> true, 'org.springframework.test.context.event.ApplicationEventsTestExecutionListener.recordApplicationEvents' -> false]]
2024-03-04 12:23:11.435  INFO 1816 --- [main] o.s.t.c.transaction.TransactionContext   : Began transaction (1) for test context [DefaultTestContext@471a9022 testClass = SpringBoot1ApplicationTests, testInstance = com.training.project.test.SpringBoot1ApplicationTests@137db13f, testMethod = createEmployeeTest@SpringBoot1ApplicationTests, testException = [null], mergedContextConfiguration = [WebMergedContextConfiguration@dc9876b testClass = SpringBoot1ApplicationTests, locations = '{}', classes = '{class com.training.project.SpringBoot1Application}', contextInitializerClasses = '[]', activeProfiles = '{}', propertySourceLocations = '{}', propertySourceProperties = '{org.springframework.boot.test.context.SpringBootTestContextBootstrapper=true}', contextCustomizers = set[org.springframework.boot.test.context.filter.ExcludeFilterContextCustomizer@9f116cc, org.springframework.boot.test.json.DuplicateJsonObjectContextCustomizerFactory$DuplicateJsonObjectContextCustomizer@7ec7ffd3, org.springframework.boot.test.mock.mockito.MockitoContextCustomizer@0, org.springframework.boot.test.web.client.TestRestTemplateContextCustomizer@49ec71f8, org.springframework.boot.test.autoconfigure.actuate.metrics.MetricsExportContextCustomizerFactory$DisableMetricExportContextCustomizer@77847718, org.springframework.boot.test.autoconfigure.properties.PropertyMappingContextCustomizer@0, org.springframework.boot.test.autoconfigure.web.servlet.WebDriverContextCustomizerFactory$Customizer@3c19aaa5, org.springframework.test.context.web.socket.MockServerContainerContextCustomizer@38d8f54a, org.springframework.boot.test.context.SpringBootTestArgs@1, org.springframework.boot.test.context.SpringBootTestWebEnvironment@12b0404f], resourceBasePath = 'src/main/webapp', contextLoader = 'org.springframework.boot.test.context.SpringBootContextLoader', parent = [null]], attributes = map['org.springframework.test.context.web.ServletTestExecutionListener.activateListener' -> true, 'org.springframework.test.context.web.ServletTestExecutionListener.populatedRequestContextHolder' -> true, 'org.springframework.test.context.web.ServletTestExecutionListener.resetRequestContextHolder' -> true, 'org.springframework.test.context.event.ApplicationEventsTestExecutionListener.recordApplicationEvents' -> false]]; transaction manager [org.springframework.orm.jpa.JpaTransactionManager@5aefdb9e]; rollback [true]
2024-03-04 12:23:11.437  INFO 1816 --- [main] o.s.b.t.m.w.SpringBootMockServletContext : Initializing Spring TestDispatcherServlet ''
2024-03-04 12:23:11.437  INFO 1816 --- [main] o.s.t.web.servlet.TestDispatcherServlet  : Initializing Servlet ''
2024-03-04 12:23:11.438  INFO 1816 --- [main] o.s.t.web.servlet.TestDispatcherServlet  : Completed initialization in 1 ms
2024-03-04 12:23:11.550  INFO 1816 --- [main] c.t.p.controller.EmployeeController      : Inside controller insertEmployee
2024-03-04 12:23:11.640  INFO 1816 --- [main] c.t.project.dao.EmployeeDaoWrapper       : Inside DAO insert mehtod
2024-03-04 12:23:11.650  INFO 1816 --- [main] o.s.t.c.transaction.TransactionContext   : Rolled back transaction for test: [DefaultTestContext@471a9022 testClass = SpringBoot1ApplicationTests, testInstance = com.training.project.test.SpringBoot1ApplicationTests@137db13f, testMethod = createEmployeeTest@SpringBoot1ApplicationTests, testException = [null], mergedContextConfiguration = [WebMergedContextConfiguration@dc9876b testClass = SpringBoot1ApplicationTests, locations = '{}', classes = '{class com.training.project.SpringBoot1Application}', contextInitializerClasses = '[]', activeProfiles = '{}', propertySourceLocations = '{}', propertySourceProperties = '{org.springframework.boot.test.context.SpringBootTestContextBootstrapper=true}', contextCustomizers = set[org.springframework.boot.test.context.filter.ExcludeFilterContextCustomizer@9f116cc, org.springframework.boot.test.json.DuplicateJsonObjectContextCustomizerFactory$DuplicateJsonObjectContextCustomizer@7ec7ffd3, org.springframework.boot.test.mock.mockito.MockitoContextCustomizer@0, org.springframework.boot.test.web.client.TestRestTemplateContextCustomizer@49ec71f8, org.springframework.boot.test.autoconfigure.actuate.metrics.MetricsExportContextCustomizerFactory$DisableMetricExportContextCustomizer@77847718, org.springframework.boot.test.autoconfigure.properties.PropertyMappingContextCustomizer@0, org.springframework.boot.test.autoconfigure.web.servlet.WebDriverContextCustomizerFactory$Customizer@3c19aaa5, org.springframework.test.context.web.socket.MockServerContainerContextCustomizer@38d8f54a, org.springframework.boot.test.context.SpringBootTestArgs@1, org.springframework.boot.test.context.SpringBootTestWebEnvironment@12b0404f], resourceBasePath = 'src/main/webapp', contextLoader = 'org.springframework.boot.test.context.SpringBootContextLoader', parent = [null]], attributes = map['org.springframework.test.context.web.ServletTestExecutionListener.activateListener' -> true, 'org.springframework.test.context.web.ServletTestExecutionListener.populatedRequestContextHolder' -> true, 'org.springframework.test.context.web.ServletTestExecutionListener.resetRequestContextHolder' -> true, 'org.springframework.test.context.event.ApplicationEventsTestExecutionListener.recordApplicationEvents' -> false]]
2024-03-04 12:23:11.662  INFO 1816 --- [SpringApplicationShutdownHook] j.LocalContainerEntityManagerFactoryBean : Closing JPA EntityManagerFactory for persistence unit 'default'
2024-03-04 12:23:11.666  INFO 1816 --- [SpringApplicationShutdownHook] com.zaxxer.hikari.HikariDataSource       : HikariPool-1 - Shutdown initiated...
2024-03-04 12:23:11.681  INFO 1816 --- [SpringApplicationShutdownHook] com.zaxxer.hikari.HikariDataSource       : HikariPool-1 - Shutdown completed.
2024-03-04 12:23:45.892  INFO 23400 --- [main] c.t.p.test.SpringBoot1ApplicationTests   : Starting SpringBoot1ApplicationTests using Java 17.0.10 on DDC2-L-115BC5S with PID 23400 (started by pulkit.g.sharma in C:\Users\pulkit.g.sharma\Desktop\Java_Training\Employee_Service\Employee_Database_Service)
2024-03-04 12:23:45.896  INFO 23400 --- [main] c.t.p.test.SpringBoot1ApplicationTests   : No active profile set, falling back to 1 default profile: "default"
2024-03-04 12:23:47.053  INFO 23400 --- [main] .s.d.r.c.RepositoryConfigurationDelegate : Bootstrapping Spring Data JPA repositories in DEFAULT mode.
2024-03-04 12:23:47.132  INFO 23400 --- [main] .s.d.r.c.RepositoryConfigurationDelegate : Finished Spring Data repository scanning in 59 ms. Found 1 JPA repository interfaces.
2024-03-04 12:23:47.760  INFO 23400 --- [main] o.hibernate.jpa.internal.util.LogHelper  : HHH000204: Processing PersistenceUnitInfo [name: default]
2024-03-04 12:23:47.883  INFO 23400 --- [main] org.hibernate.Version                    : HHH000412: Hibernate ORM core version 5.6.14.Final
2024-03-04 12:23:48.114  INFO 23400 --- [main] o.hibernate.annotations.common.Version   : HCANN000001: Hibernate Commons Annotations {5.1.2.Final}
2024-03-04 12:23:48.317  INFO 23400 --- [main] com.zaxxer.hikari.HikariDataSource       : HikariPool-1 - Starting...
2024-03-04 12:23:48.325  WARN 23400 --- [main] com.zaxxer.hikari.util.DriverDataSource  : Registered driver with driverClassName=com.mysql.jdbc.Driver was not found, trying direct instantiation.
2024-03-04 12:23:48.537  INFO 23400 --- [main] com.zaxxer.hikari.HikariDataSource       : HikariPool-1 - Start completed.
2024-03-04 12:23:48.570  INFO 23400 --- [main] org.hibernate.dialect.Dialect            : HHH000400: Using dialect: org.hibernate.dialect.MySQL5Dialect
2024-03-04 12:23:49.939  INFO 23400 --- [main] o.h.e.t.j.p.i.JtaPlatformInitiator       : HHH000490: Using JtaPlatform implementation: [org.hibernate.engine.transaction.jta.platform.internal.NoJtaPlatform]
2024-03-04 12:23:49.947  INFO 23400 --- [main] j.LocalContainerEntityManagerFactoryBean : Initialized JPA EntityManagerFactory for persistence unit 'default'
2024-03-04 12:23:51.018  WARN 23400 --- [main] JpaBaseConfiguration$JpaWebConfiguration : spring.jpa.open-in-view is enabled by default. Therefore, database queries may be performed during view rendering. Explicitly configure spring.jpa.open-in-view to disable this warning
2024-03-04 12:23:51.424  INFO 23400 --- [main] pertySourcedRequestMappingHandlerMapping : Mapped URL path [/v2/api-docs] onto method [springfox.documentation.swagger2.web.Swagger2Controller#getDocumentation(String, HttpServletRequest)]
2024-03-04 12:23:52.204  INFO 23400 --- [main] d.s.w.p.DocumentationPluginsBootstrapper : Context refreshed
2024-03-04 12:23:52.235  INFO 23400 --- [main] d.s.w.p.DocumentationPluginsBootstrapper : Found 1 custom documentation plugin(s)
2024-03-04 12:23:52.268  INFO 23400 --- [main] s.d.s.w.s.ApiListingReferenceScanner     : Scanning for api listing references
2024-03-04 12:23:52.411  INFO 23400 --- [main] c.t.p.test.SpringBoot1ApplicationTests   : Started SpringBoot1ApplicationTests in 6.947 seconds (JVM running for 8.533)
2024-03-04 12:23:52.458  INFO 23400 --- [main] o.s.t.c.transaction.TransactionContext   : Began transaction (1) for test context [DefaultTestContext@471a9022 testClass = SpringBoot1ApplicationTests, testInstance = com.training.project.test.SpringBoot1ApplicationTests@244c0fbe, testMethod = getAllEmployeesTest@SpringBoot1ApplicationTests, testException = [null], mergedContextConfiguration = [WebMergedContextConfiguration@dc9876b testClass = SpringBoot1ApplicationTests, locations = '{}', classes = '{class com.training.project.SpringBoot1Application}', contextInitializerClasses = '[]', activeProfiles = '{}', propertySourceLocations = '{}', propertySourceProperties = '{org.springframework.boot.test.context.SpringBootTestContextBootstrapper=true}', contextCustomizers = set[org.springframework.boot.test.context.filter.ExcludeFilterContextCustomizer@9f116cc, org.springframework.boot.test.json.DuplicateJsonObjectContextCustomizerFactory$DuplicateJsonObjectContextCustomizer@7ec7ffd3, org.springframework.boot.test.mock.mockito.MockitoContextCustomizer@0, org.springframework.boot.test.web.client.TestRestTemplateContextCustomizer@49ec71f8, org.springframework.boot.test.autoconfigure.actuate.metrics.MetricsExportContextCustomizerFactory$DisableMetricExportContextCustomizer@77847718, org.springframework.boot.test.autoconfigure.properties.PropertyMappingContextCustomizer@0, org.springframework.boot.test.autoconfigure.web.servlet.WebDriverContextCustomizerFactory$Customizer@3c19aaa5, org.springframework.test.context.web.socket.MockServerContainerContextCustomizer@38d8f54a, org.springframework.boot.test.context.SpringBootTestArgs@1, org.springframework.boot.test.context.SpringBootTestWebEnvironment@12b0404f], resourceBasePath = 'src/main/webapp', contextLoader = 'org.springframework.boot.test.context.SpringBootContextLoader', parent = [null]], attributes = map['org.springframework.test.context.web.ServletTestExecutionListener.activateListener' -> true, 'org.springframework.test.context.web.ServletTestExecutionListener.populatedRequestContextHolder' -> true, 'org.springframework.test.context.web.ServletTestExecutionListener.resetRequestContextHolder' -> true, 'org.springframework.test.context.event.ApplicationEventsTestExecutionListener.recordApplicationEvents' -> false]]; transaction manager [org.springframework.orm.jpa.JpaTransactionManager@da5b46f]; rollback [true]
2024-03-04 12:23:52.699  INFO 23400 --- [main] o.s.b.t.m.w.SpringBootMockServletContext : Initializing Spring TestDispatcherServlet ''
2024-03-04 12:23:52.699  INFO 23400 --- [main] o.s.t.web.servlet.TestDispatcherServlet  : Initializing Servlet ''
2024-03-04 12:23:52.700  INFO 23400 --- [main] o.s.t.web.servlet.TestDispatcherServlet  : Completed initialization in 1 ms
2024-03-04 12:23:52.735  INFO 23400 --- [main] c.t.p.controller.EmployeeController      : Inside controller getEmployee
2024-03-04 12:23:52.845  INFO 23400 --- [main] c.t.project.dao.EmployeeDaoWrapper       : Inside DAO findall method
2024-03-04 12:23:52.897  INFO 23400 --- [main] o.s.t.c.transaction.TransactionContext   : Rolled back transaction for test: [DefaultTestContext@471a9022 testClass = SpringBoot1ApplicationTests, testInstance = com.training.project.test.SpringBoot1ApplicationTests@244c0fbe, testMethod = getAllEmployeesTest@SpringBoot1ApplicationTests, testException = [null], mergedContextConfiguration = [WebMergedContextConfiguration@dc9876b testClass = SpringBoot1ApplicationTests, locations = '{}', classes = '{class com.training.project.SpringBoot1Application}', contextInitializerClasses = '[]', activeProfiles = '{}', propertySourceLocations = '{}', propertySourceProperties = '{org.springframework.boot.test.context.SpringBootTestContextBootstrapper=true}', contextCustomizers = set[org.springframework.boot.test.context.filter.ExcludeFilterContextCustomizer@9f116cc, org.springframework.boot.test.json.DuplicateJsonObjectContextCustomizerFactory$DuplicateJsonObjectContextCustomizer@7ec7ffd3, org.springframework.boot.test.mock.mockito.MockitoContextCustomizer@0, org.springframework.boot.test.web.client.TestRestTemplateContextCustomizer@49ec71f8, org.springframework.boot.test.autoconfigure.actuate.metrics.MetricsExportContextCustomizerFactory$DisableMetricExportContextCustomizer@77847718, org.springframework.boot.test.autoconfigure.properties.PropertyMappingContextCustomizer@0, org.springframework.boot.test.autoconfigure.web.servlet.WebDriverContextCustomizerFactory$Customizer@3c19aaa5, org.springframework.test.context.web.socket.MockServerContainerContextCustomizer@38d8f54a, org.springframework.boot.test.context.SpringBootTestArgs@1, org.springframework.boot.test.context.SpringBootTestWebEnvironment@12b0404f], resourceBasePath = 'src/main/webapp', contextLoader = 'org.springframework.boot.test.context.SpringBootContextLoader', parent = [null]], attributes = map['org.springframework.test.context.web.ServletTestExecutionListener.activateListener' -> true, 'org.springframework.test.context.web.ServletTestExecutionListener.populatedRequestContextHolder' -> true, 'org.springframework.test.context.web.ServletTestExecutionListener.resetRequestContextHolder' -> true, 'org.springframework.test.context.event.ApplicationEventsTestExecutionListener.recordApplicationEvents' -> false]]
2024-03-04 12:23:52.903  INFO 23400 --- [main] o.s.t.c.transaction.TransactionContext   : Began transaction (1) for test context [DefaultTestContext@471a9022 testClass = SpringBoot1ApplicationTests, testInstance = com.training.project.test.SpringBoot1ApplicationTests@2f1b8770, testMethod = createEmployeeTest@SpringBoot1ApplicationTests, testException = [null], mergedContextConfiguration = [WebMergedContextConfiguration@dc9876b testClass = SpringBoot1ApplicationTests, locations = '{}', classes = '{class com.training.project.SpringBoot1Application}', contextInitializerClasses = '[]', activeProfiles = '{}', propertySourceLocations = '{}', propertySourceProperties = '{org.springframework.boot.test.context.SpringBootTestContextBootstrapper=true}', contextCustomizers = set[org.springframework.boot.test.context.filter.ExcludeFilterContextCustomizer@9f116cc, org.springframework.boot.test.json.DuplicateJsonObjectContextCustomizerFactory$DuplicateJsonObjectContextCustomizer@7ec7ffd3, org.springframework.boot.test.mock.mockito.MockitoContextCustomizer@0, org.springframework.boot.test.web.client.TestRestTemplateContextCustomizer@49ec71f8, org.springframework.boot.test.autoconfigure.actuate.metrics.MetricsExportContextCustomizerFactory$DisableMetricExportContextCustomizer@77847718, org.springframework.boot.test.autoconfigure.properties.PropertyMappingContextCustomizer@0, org.springframework.boot.test.autoconfigure.web.servlet.WebDriverContextCustomizerFactory$Customizer@3c19aaa5, org.springframework.test.context.web.socket.MockServerContainerContextCustomizer@38d8f54a, org.springframework.boot.test.context.SpringBootTestArgs@1, org.springframework.boot.test.context.SpringBootTestWebEnvironment@12b0404f], resourceBasePath = 'src/main/webapp', contextLoader = 'org.springframework.boot.test.context.SpringBootContextLoader', parent = [null]], attributes = map['org.springframework.test.context.web.ServletTestExecutionListener.activateListener' -> true, 'org.springframework.test.context.web.ServletTestExecutionListener.populatedRequestContextHolder' -> true, 'org.springframework.test.context.web.ServletTestExecutionListener.resetRequestContextHolder' -> true, 'org.springframework.test.context.event.ApplicationEventsTestExecutionListener.recordApplicationEvents' -> false]]; transaction manager [org.springframework.orm.jpa.JpaTransactionManager@da5b46f]; rollback [true]
2024-03-04 12:23:52.906  INFO 23400 --- [main] o.s.b.t.m.w.SpringBootMockServletContext : Initializing Spring TestDispatcherServlet ''
2024-03-04 12:23:52.907  INFO 23400 --- [main] o.s.t.web.servlet.TestDispatcherServlet  : Initializing Servlet ''
2024-03-04 12:23:52.908  INFO 23400 --- [main] o.s.t.web.servlet.TestDispatcherServlet  : Completed initialization in 1 ms
2024-03-04 12:23:52.996  INFO 23400 --- [main] c.t.p.controller.EmployeeController      : Inside controller insertEmployee
2024-03-04 12:23:53.044  INFO 23400 --- [main] c.t.project.dao.EmployeeDaoWrapper       : Inside DAO insert mehtod
2024-03-04 12:23:53.053  INFO 23400 --- [main] o.s.t.c.transaction.TransactionContext   : Rolled back transaction for test: [DefaultTestContext@471a9022 testClass = SpringBoot1ApplicationTests, testInstance = com.training.project.test.SpringBoot1ApplicationTests@2f1b8770, testMethod = createEmployeeTest@SpringBoot1ApplicationTests, testException = [null], mergedContextConfiguration = [WebMergedContextConfiguration@dc9876b testClass = SpringBoot1ApplicationTests, locations = '{}', classes = '{class com.training.project.SpringBoot1Application}', contextInitializerClasses = '[]', activeProfiles = '{}', propertySourceLocations = '{}', propertySourceProperties = '{org.springframework.boot.test.context.SpringBootTestContextBootstrapper=true}', contextCustomizers = set[org.springframework.boot.test.context.filter.ExcludeFilterContextCustomizer@9f116cc, org.springframework.boot.test.json.DuplicateJsonObjectContextCustomizerFactory$DuplicateJsonObjectContextCustomizer@7ec7ffd3, org.springframework.boot.test.mock.mockito.MockitoContextCustomizer@0, org.springframework.boot.test.web.client.TestRestTemplateContextCustomizer@49ec71f8, org.springframework.boot.test.autoconfigure.actuate.metrics.MetricsExportContextCustomizerFactory$DisableMetricExportContextCustomizer@77847718, org.springframework.boot.test.autoconfigure.properties.PropertyMappingContextCustomizer@0, org.springframework.boot.test.autoconfigure.web.servlet.WebDriverContextCustomizerFactory$Customizer@3c19aaa5, org.springframework.test.context.web.socket.MockServerContainerContextCustomizer@38d8f54a, org.springframework.boot.test.context.SpringBootTestArgs@1, org.springframework.boot.test.context.SpringBootTestWebEnvironment@12b0404f], resourceBasePath = 'src/main/webapp', contextLoader = 'org.springframework.boot.test.context.SpringBootContextLoader', parent = [null]], attributes = map['org.springframework.test.context.web.ServletTestExecutionListener.activateListener' -> true, 'org.springframework.test.context.web.ServletTestExecutionListener.populatedRequestContextHolder' -> true, 'org.springframework.test.context.web.ServletTestExecutionListener.resetRequestContextHolder' -> true, 'org.springframework.test.context.event.ApplicationEventsTestExecutionListener.recordApplicationEvents' -> false]]
2024-03-04 12:23:53.069  INFO 23400 --- [SpringApplicationShutdownHook] j.LocalContainerEntityManagerFactoryBean : Closing JPA EntityManagerFactory for persistence unit 'default'
2024-03-04 12:23:53.072  INFO 23400 --- [SpringApplicationShutdownHook] com.zaxxer.hikari.HikariDataSource       : HikariPool-1 - Shutdown initiated...
2024-03-04 12:23:53.090  INFO 23400 --- [SpringApplicationShutdownHook] com.zaxxer.hikari.HikariDataSource       : HikariPool-1 - Shutdown completed.
2024-03-04 12:30:04.414  INFO 19288 --- [main] c.t.project.test.SpringBoot_Unit_Tests   : Starting SpringBoot_Unit_Tests using Java 17.0.10 on DDC2-L-115BC5S with PID 19288 (started by pulkit.g.sharma in C:\Users\pulkit.g.sharma\Desktop\Java_Training\Employee_Service\Employee_Database_Service)
2024-03-04 12:30:04.417  INFO 19288 --- [main] c.t.project.test.SpringBoot_Unit_Tests   : No active profile set, falling back to 1 default profile: "default"
2024-03-04 12:30:05.681  INFO 19288 --- [main] .s.d.r.c.RepositoryConfigurationDelegate : Bootstrapping Spring Data JPA repositories in DEFAULT mode.
2024-03-04 12:30:05.752  INFO 19288 --- [main] .s.d.r.c.RepositoryConfigurationDelegate : Finished Spring Data repository scanning in 55 ms. Found 1 JPA repository interfaces.
2024-03-04 12:30:06.470  INFO 19288 --- [main] o.hibernate.jpa.internal.util.LogHelper  : HHH000204: Processing PersistenceUnitInfo [name: default]
2024-03-04 12:30:06.568  INFO 19288 --- [main] org.hibernate.Version                    : HHH000412: Hibernate ORM core version 5.6.14.Final
2024-03-04 12:30:06.814  INFO 19288 --- [main] o.hibernate.annotations.common.Version   : HCANN000001: Hibernate Commons Annotations {5.1.2.Final}
2024-03-04 12:30:07.132  INFO 19288 --- [main] com.zaxxer.hikari.HikariDataSource       : HikariPool-1 - Starting...
2024-03-04 12:30:07.141  WARN 19288 --- [main] com.zaxxer.hikari.util.DriverDataSource  : Registered driver with driverClassName=com.mysql.jdbc.Driver was not found, trying direct instantiation.
2024-03-04 12:30:07.375  INFO 19288 --- [main] com.zaxxer.hikari.HikariDataSource       : HikariPool-1 - Start completed.
2024-03-04 12:30:07.399  INFO 19288 --- [main] org.hibernate.dialect.Dialect            : HHH000400: Using dialect: org.hibernate.dialect.MySQL5Dialect
2024-03-04 12:30:08.825  INFO 19288 --- [main] o.h.e.t.j.p.i.JtaPlatformInitiator       : HHH000490: Using JtaPlatform implementation: [org.hibernate.engine.transaction.jta.platform.internal.NoJtaPlatform]
2024-03-04 12:30:08.832  INFO 19288 --- [main] j.LocalContainerEntityManagerFactoryBean : Initialized JPA EntityManagerFactory for persistence unit 'default'
2024-03-04 12:30:09.881  WARN 19288 --- [main] JpaBaseConfiguration$JpaWebConfiguration : spring.jpa.open-in-view is enabled by default. Therefore, database queries may be performed during view rendering. Explicitly configure spring.jpa.open-in-view to disable this warning
2024-03-04 12:30:10.279  INFO 19288 --- [main] pertySourcedRequestMappingHandlerMapping : Mapped URL path [/v2/api-docs] onto method [springfox.documentation.swagger2.web.Swagger2Controller#getDocumentation(String, HttpServletRequest)]
2024-03-04 12:30:11.025  INFO 19288 --- [main] d.s.w.p.DocumentationPluginsBootstrapper : Context refreshed
2024-03-04 12:30:11.055  INFO 19288 --- [main] d.s.w.p.DocumentationPluginsBootstrapper : Found 1 custom documentation plugin(s)
2024-03-04 12:30:11.084  INFO 19288 --- [main] s.d.s.w.s.ApiListingReferenceScanner     : Scanning for api listing references
2024-03-04 12:30:11.225  INFO 19288 --- [main] c.t.project.test.SpringBoot_Unit_Tests   : Started SpringBoot_Unit_Tests in 7.278 seconds (JVM running for 8.51)
2024-03-04 12:30:11.537  INFO 19288 --- [main] o.s.mock.web.MockServletContext          : Initializing Spring TestDispatcherServlet ''
2024-03-04 12:30:11.538  INFO 19288 --- [main] o.s.t.web.servlet.TestDispatcherServlet  : Initializing Servlet ''
2024-03-04 12:30:11.539  INFO 19288 --- [main] o.s.t.web.servlet.TestDispatcherServlet  : Completed initialization in 1 ms
2024-03-04 12:30:11.598  WARN 19288 --- [main] .w.s.m.s.DefaultHandlerExceptionResolver : Resolved [org.springframework.web.HttpMediaTypeNotAcceptableException: Could not find acceptable representation]
2024-03-04 12:30:11.646  INFO 19288 --- [SpringApplicationShutdownHook] j.LocalContainerEntityManagerFactoryBean : Closing JPA EntityManagerFactory for persistence unit 'default'
2024-03-04 12:30:11.648  INFO 19288 --- [SpringApplicationShutdownHook] com.zaxxer.hikari.HikariDataSource       : HikariPool-1 - Shutdown initiated...
2024-03-04 12:30:11.665  INFO 19288 --- [SpringApplicationShutdownHook] com.zaxxer.hikari.HikariDataSource       : HikariPool-1 - Shutdown completed.
2024-03-04 12:30:55.863  INFO 19860 --- [main] c.t.project.test.SpringBoot_Unit_Tests   : Starting SpringBoot_Unit_Tests using Java 17.0.10 on DDC2-L-115BC5S with PID 19860 (started by pulkit.g.sharma in C:\Users\pulkit.g.sharma\Desktop\Java_Training\Employee_Service\Employee_Database_Service)
2024-03-04 12:30:55.865  INFO 19860 --- [main] c.t.project.test.SpringBoot_Unit_Tests   : No active profile set, falling back to 1 default profile: "default"
2024-03-04 12:30:56.777  INFO 19860 --- [main] .s.d.r.c.RepositoryConfigurationDelegate : Bootstrapping Spring Data JPA repositories in DEFAULT mode.
2024-03-04 12:30:56.833  INFO 19860 --- [main] .s.d.r.c.RepositoryConfigurationDelegate : Finished Spring Data repository scanning in 45 ms. Found 1 JPA repository interfaces.
2024-03-04 12:30:57.467  INFO 19860 --- [main] o.hibernate.jpa.internal.util.LogHelper  : HHH000204: Processing PersistenceUnitInfo [name: default]
2024-03-04 12:30:57.574  INFO 19860 --- [main] org.hibernate.Version                    : HHH000412: Hibernate ORM core version 5.6.14.Final
2024-03-04 12:30:57.821  INFO 19860 --- [main] o.hibernate.annotations.common.Version   : HCANN000001: Hibernate Commons Annotations {5.1.2.Final}
2024-03-04 12:30:58.046  INFO 19860 --- [main] com.zaxxer.hikari.HikariDataSource       : HikariPool-1 - Starting...
2024-03-04 12:30:58.052  WARN 19860 --- [main] com.zaxxer.hikari.util.DriverDataSource  : Registered driver with driverClassName=com.mysql.jdbc.Driver was not found, trying direct instantiation.
2024-03-04 12:30:58.297  INFO 19860 --- [main] com.zaxxer.hikari.HikariDataSource       : HikariPool-1 - Start completed.
2024-03-04 12:30:58.329  INFO 19860 --- [main] org.hibernate.dialect.Dialect            : HHH000400: Using dialect: org.hibernate.dialect.MySQL5Dialect
2024-03-04 12:30:59.778  INFO 19860 --- [main] o.h.e.t.j.p.i.JtaPlatformInitiator       : HHH000490: Using JtaPlatform implementation: [org.hibernate.engine.transaction.jta.platform.internal.NoJtaPlatform]
2024-03-04 12:30:59.786  INFO 19860 --- [main] j.LocalContainerEntityManagerFactoryBean : Initialized JPA EntityManagerFactory for persistence unit 'default'
2024-03-04 12:31:00.530  WARN 19860 --- [main] JpaBaseConfiguration$JpaWebConfiguration : spring.jpa.open-in-view is enabled by default. Therefore, database queries may be performed during view rendering. Explicitly configure spring.jpa.open-in-view to disable this warning
2024-03-04 12:31:00.826  INFO 19860 --- [main] pertySourcedRequestMappingHandlerMapping : Mapped URL path [/v2/api-docs] onto method [springfox.documentation.swagger2.web.Swagger2Controller#getDocumentation(String, HttpServletRequest)]
2024-03-04 12:31:01.489  INFO 19860 --- [main] d.s.w.p.DocumentationPluginsBootstrapper : Context refreshed
2024-03-04 12:31:01.515  INFO 19860 --- [main] d.s.w.p.DocumentationPluginsBootstrapper : Found 1 custom documentation plugin(s)
2024-03-04 12:31:01.544  INFO 19860 --- [main] s.d.s.w.s.ApiListingReferenceScanner     : Scanning for api listing references
2024-03-04 12:31:01.703  INFO 19860 --- [main] c.t.project.test.SpringBoot_Unit_Tests   : Started SpringBoot_Unit_Tests in 6.248 seconds (JVM running for 8.117)
2024-03-04 12:31:02.051  INFO 19860 --- [main] o.s.mock.web.MockServletContext          : Initializing Spring TestDispatcherServlet ''
2024-03-04 12:31:02.053  INFO 19860 --- [main] o.s.t.web.servlet.TestDispatcherServlet  : Initializing Servlet ''
2024-03-04 12:31:02.054  INFO 19860 --- [main] o.s.t.web.servlet.TestDispatcherServlet  : Completed initialization in 1 ms
2024-03-04 12:31:02.287  INFO 19860 --- [main] c.t.p.controller.EmployeeController      : Inside controller insertEmployee
2024-03-04 12:31:02.329  INFO 19860 --- [SpringApplicationShutdownHook] j.LocalContainerEntityManagerFactoryBean : Closing JPA EntityManagerFactory for persistence unit 'default'
2024-03-04 12:31:02.331  INFO 19860 --- [SpringApplicationShutdownHook] com.zaxxer.hikari.HikariDataSource       : HikariPool-1 - Shutdown initiated...
2024-03-04 12:31:02.346  INFO 19860 --- [SpringApplicationShutdownHook] com.zaxxer.hikari.HikariDataSource       : HikariPool-1 - Shutdown completed.
